PLINK v1.90b6.18 64-bit (16 Jun 2020)
Options in effect:
  --allow-extra-chr
  --bcf /mnt/storage7//gary/vcf/PRJEB7669.filt.val.gt.g.vcf.gz
  --double-id
  --out dist_and_pca/PRJEB7669.pca
  --pca

Hostname: s7
Working directory: /mnt/storage7/gary/transmission
Start time: Sun Dec 20 15:15:43 2020

Random number seed: 1608477343
257677 MB RAM detected; reserving 128838 MB for main workspace.
--bcf: dist_and_pca/PRJEB7669.pca-temporary.bed +
dist_and_pca/PRJEB7669.pca-temporary.bim +
dist_and_pca/PRJEB7669.pca-temporary.fam written.
669 variants loaded from .bim file.
251 people (0 males, 0 females, 251 ambiguous) loaded from .fam.
Ambiguous sex IDs written to dist_and_pca/PRJEB7669.pca.nosex .
Using up to 95 threads (change this with --threads).
Before main variant filters, 251 founders and 0 nonfounders present.
Calculating allele frequencies... done.
Total genotyping rate is 0.999506.
669 variants and 251 people pass filters and QC.
Note: No phenotypes present.
Relationship matrix calculation complete.
--pca: Results saved to dist_and_pca/PRJEB7669.pca.eigenval and
dist_and_pca/PRJEB7669.pca.eigenvec .

End time: Sun Dec 20 15:15:43 2020
